<?xml version="1.0" encoding="UTF-8"?>
<!-- Generated by org.testng.reporters.JUnitReportReporter -->
<testsuite skipped="0" hostname="Acehole" name="Academy.HomePage" tests="1" failures="0" timestamp="19 Jan 2019 21:43:16 GMT" time="10.687" errors="0">
  <testcase name="basePageNavigation" time="10.687" classname="Academy.HomePage"/>
</testsuite> <!-- Academy.HomePage -->
