<?xml version="1.0" encoding="UTF-8"?>
<!-- Generated by org.testng.reporters.JUnitReportReporter -->
<testsuite skipped="0" hostname="Acehole" name="Academy.HomePage" tests="2" failures="0" timestamp="20 Jan 2019 02:06:43 GMT" time="34.943" errors="0">
  <testcase name="basePageNavigation" time="17.372" classname="Academy.HomePage"/>
  <testcase name="basePageNavigation" time="17.571" classname="Academy.HomePage"/>
</testsuite> <!-- Academy.HomePage -->
