<?xml version="1.0" encoding="UTF-8"?>
<!-- Generated by org.testng.reporters.JUnitReportReporter -->
<testsuite skipped="0" hostname="Acehole" name="Academy.ValidateTitle" tests="1" failures="0" timestamp="20 Jan 2019 00:18:11 GMT" time="2.350" errors="0">
  <testcase name="validateTitle" time="2.350" classname="Academy.ValidateTitle"/>
</testsuite> <!-- Academy.ValidateTitle -->
