<?xml version="1.0" encoding="UTF-8"?>
<!-- Generated by org.testng.reporters.JUnitReportReporter -->
<testsuite skipped="0" hostname="Acehole" name="Academy.ValidateTitle" tests="1" failures="0" timestamp="19 Jan 2019 23:30:57 GMT" time="12.139" errors="0">
  <testcase name="checkTitle" time="12.139" classname="Academy.ValidateTitle"/>
</testsuite> <!-- Academy.ValidateTitle -->
