<?xml version="1.0" encoding="UTF-8"?>
<!-- Generated by org.testng.reporters.JUnitReportReporter -->
<testsuite skipped="0" hostname="Acehole" name="Academy.ValidateObjects" tests="2" failures="0" timestamp="19 Jan 2019 23:52:55 GMT" time="22.018" errors="0">
  <testcase name="validateTitle" time="11.310" classname="Academy.ValidateObjects"/>
  <testcase name="validateMainNavigation" time="10.708" classname="Academy.ValidateObjects"/>
</testsuite> <!-- Academy.ValidateObjects -->
